Date: 24.12.23.11.46
PATH: 
ENV FILE: 
sqs elo-dev-topics
{
    "TableDescription": {
        "AttributeDefinitions": [
            {
                "AttributeName": "topicId",
                "AttributeType": "S"
            },
            {
                "AttributeName": "parentTopicId",
                "AttributeType": "S"
            }
        ],
        "TableName": "elo-dev-topics",
        "KeySchema": [
            {
                "AttributeName": "topicId",
                "KeyType": "HASH"
            }
        ],
        "TableStatus": "ACTIVE",
        "CreationDateTime": "2024-12-23T11:46:45.703000+01:00",
        "ProvisionedThroughput": {
            "ReadCapacityUnits": 1,
            "WriteCapacityUnits": 1
        },
        "TableSizeBytes": 0,
        "ItemCount": 0,
        "TableArn": "arn:aws:dynamodb:us-west-2:000000000000:table/elo-dev-topics",
        "TableId": "4804d8da-4ca7-4cac-b7ff-b114e6d43e32",
        "GlobalSecondaryIndexes": [
            {
                "IndexName": "parentTopicId",
                "KeySchema": [
                    {
                        "AttributeName": "parentTopicId",
                        "KeyType": "HASH"
                    }
                ],
                "Projection": {
                    "ProjectionType": "ALL"
                },
                "ProvisionedThroughput": {
                    "ReadCapacityUnits": 1,
                    "WriteCapacityUnits": 1
                }
            }
        ],
        "DeletionProtectionEnabled": false
    }
}
sqs elo-dev-chats
{
    "TableDescription": {
        "AttributeDefinitions": [
            {
                "AttributeName": "chatId",
                "AttributeType": "S"
            }
        ],
        "TableName": "elo-dev-chats",
        "KeySchema": [
            {
                "AttributeName": "chatId",
                "KeyType": "HASH"
            }
        ],
        "TableStatus": "ACTIVE",
        "CreationDateTime": "2024-12-23T11:46:48.466000+01:00",
        "ProvisionedThroughput": {
            "ReadCapacityUnits": 1,
            "WriteCapacityUnits": 1
        },
        "TableSizeBytes": 0,
        "ItemCount": 0,
        "TableArn": "arn:aws:dynamodb:us-west-2:000000000000:table/elo-dev-chats",
        "TableId": "9f435f54-49d9-4d60-8c50-c616348de8c3",
        "DeletionProtectionEnabled": false
    }
}
sqs elo-dev-chats-msgs
{
    "TableDescription": {
        "AttributeDefinitions": [
            {
                "AttributeName": "chatId",
                "AttributeType": "S"
            },
            {
                "AttributeName": "utc",
                "AttributeType": "S"
            },
            {
                "AttributeName": "parentTopicId",
                "AttributeType": "S"
            }
        ],
        "TableName": "elo-dev-chats-msgs",
        "KeySchema": [
            {
                "AttributeName": "chatId",
                "KeyType": "HASH"
            },
            {
                "AttributeName": "utc",
                "KeyType": "RANGE"
            }
        ],
        "TableStatus": "ACTIVE",
        "CreationDateTime": "2024-12-23T11:46:49.178000+01:00",
        "ProvisionedThroughput": {
            "ReadCapacityUnits": 1,
            "WriteCapacityUnits": 1
        },
        "TableSizeBytes": 0,
        "ItemCount": 0,
        "TableArn": "arn:aws:dynamodb:us-west-2:000000000000:table/elo-dev-chats-msgs",
        "TableId": "4b315557-b3d0-4c71-9f34-a4e0c68a0b59",
        "GlobalSecondaryIndexes": [
            {
                "IndexName": "parentTopicId",
                "KeySchema": [
                    {
                        "AttributeName": "parentTopicId",
                        "KeyType": "HASH"
                    }
                ],
                "Projection": {
                    "ProjectionType": "ALL"
                },
                "ProvisionedThroughput": {
                    "ReadCapacityUnits": 1,
                    "WriteCapacityUnits": 1
                }
            }
        ],
        "DeletionProtectionEnabled": false
    }
}
sqs elo-dev-chats-users
{
    "TableDescription": {
        "AttributeDefinitions": [
            {
                "AttributeName": "chatId",
                "AttributeType": "S"
            },
            {
                "AttributeName": "userId",
                "AttributeType": "S"
            }
        ],
        "TableName": "elo-dev-chats-users",
        "KeySchema": [
            {
                "AttributeName": "chatId",
                "KeyType": "HASH"
            },
            {
                "AttributeName": "userId",
                "KeyType": "RANGE"
            }
        ],
        "TableStatus": "ACTIVE",
        "CreationDateTime": "2024-12-23T11:46:50.047000+01:00",
        "ProvisionedThroughput": {
            "LastIncreaseDateTime": "1970-01-01T01:00:00+01:00",
            "LastDecreaseDateTime": "1970-01-01T01:00:00+01:00",
            "NumberOfDecreasesToday": 0,
            "ReadCapacityUnits": 0,
            "WriteCapacityUnits": 0
        },
        "TableSizeBytes": 0,
        "ItemCount": 0,
        "TableArn": "arn:aws:dynamodb:us-west-2:000000000000:table/elo-dev-chats-users",
        "TableId": "34a979ab-6d10-4699-b2d6-4f116cabb7f3",
        "BillingModeSummary": {
            "BillingMode": "PAY_PER_REQUEST",
            "LastUpdateToPayPerRequestDateTime": "2024-12-23T11:46:50.047000+01:00"
        },
        "GlobalSecondaryIndexes": [
            {
                "IndexName": "userId",
                "KeySchema": [
                    {
                        "AttributeName": "userId",
                        "KeyType": "HASH"
                    }
                ],
                "Projection": {
                    "ProjectionType": "ALL"
                }
            }
        ],
        "DeletionProtectionEnabled": false
    }
}
sqs elo-dev-users
{
    "TableDescription": {
        "AttributeDefinitions": [
            {
                "AttributeName": "userId",
                "AttributeType": "S"
            },
            {
                "AttributeName": "email",
                "AttributeType": "S"
            }
        ],
        "TableName": "elo-dev-users",
        "KeySchema": [
            {
                "AttributeName": "userId",
                "KeyType": "HASH"
            }
        ],
        "TableStatus": "ACTIVE",
        "CreationDateTime": "2024-12-23T11:46:50.731000+01:00",
        "ProvisionedThroughput": {
            "ReadCapacityUnits": 1,
            "WriteCapacityUnits": 1
        },
        "TableSizeBytes": 0,
        "ItemCount": 0,
        "TableArn": "arn:aws:dynamodb:us-west-2:000000000000:table/elo-dev-users",
        "TableId": "6516eed5-a8a8-49a1-a0cf-f9d683fa2a72",
        "GlobalSecondaryIndexes": [
            {
                "IndexName": "email",
                "KeySchema": [
                    {
                        "AttributeName": "email",
                        "KeyType": "HASH"
                    }
                ],
                "Projection": {
                    "ProjectionType": "ALL"
                },
                "ProvisionedThroughput": {
                    "ReadCapacityUnits": 1,
                    "WriteCapacityUnits": 1
                }
            }
        ],
        "DeletionProtectionEnabled": false
    }
}
Adding user to elo-dev-users
{
    "ConsumedCapacity": {
        "TableName": "elo-dev-users",
        "CapacityUnits": 2.0
    }
}
Adding user to elo-dev-users
{
    "ConsumedCapacity": {
        "TableName": "elo-dev-users",
        "CapacityUnits": 2.0
    }
}
Adding user to elo-dev-users
{
    "ConsumedCapacity": {
        "TableName": "elo-dev-users",
        "CapacityUnits": 2.0
    }
}
